#
# There is insufficient memory for the Java Runtime Environment to continue.
# Native memory allocation (malloc) failed to allocate 171966464 bytes for committing reserved memory.
# Possible reasons:
#   The system is out of physical RAM or swap space
#   In 32 bit mode, the process size limit was hit
# Possible solutions:
#   Reduce memory load on the system
#   Increase physical memory or swap space
#   Check if swap backing store is full
#   Use 64 bit Java on a 64 bit OS
#   Decrease Java heap size (-Xmx/-Xms)
#   Decrease number of Java threads
#   Decrease Java thread stack sizes (-Xss)
#   Set larger code cache with -XX:ReservedCodeCacheSize=
# This output file may be truncated or incomplete.
#
#  Out of Memory Error (os_linux.cpp:2827), pid=8867, tid=140599252068096
#
# JRE version: OpenJDK Runtime Environment (7.0_101) (build 1.7.0_101-b00)
# Java VM: OpenJDK 64-Bit Server VM (24.95-b01 mixed mode linux-amd64 compressed oops)
# Derivative: IcedTea 2.6.6
# Distribution: Ubuntu 14.04 LTS, package 7u101-2.6.6-0ubuntu0.14.04.1
# Failed to write core dump. Core dumps have been disabled. To enable core dumping, try "ulimit -c unlimited" before starting Java again
#

---------------  T H R E A D  ---------------

Current thread (0x00007fdfdc076000):  VMThread [stack: 0x00007fdfd069a000,0x00007fdfd079b000] [id=8898]

Stack: [0x00007fdfd069a000,0x00007fdfd079b000],  sp=0x00007fdfd0799490,  free space=1021k
Native frames: (J=compiled Java code, j=interpreted, Vv=VM code, C=native code)
V  [libjvm.so+0x955705]
V  [libjvm.so+0x490c44]
V  [libjvm.so+0x7d0c9b]
V  [libjvm.so+0x7cb75f]
V  [libjvm.so+0x83ee5b]
V  [libjvm.so+0x83fcc0]
V  [libjvm.so+0x8403ab]
V  [libjvm.so+0x83c5e8]
V  [libjvm.so+0x83ce58]
V  [libjvm.so+0x7f34a3]
V  [libjvm.so+0x957104]
V  [libjvm.so+0x95b207]
V  [libjvm.so+0x959cc8]
V  [libjvm.so+0x95a129]
V  [libjvm.so+0x95a572]
V  [libjvm.so+0x7cdb62]

VM_Operation (0x00007fdfb9d99f90): ParallelGCFailedAllocation, mode: safepoint, requested by thread 0x00007fdfdc199800


---------------  P R O C E S S  ---------------

Java Threads: ( => current thread )
  0x00007fdfdc199800 JavaThread "pool-1-thread-3" [_thread_blocked, id=8939, stack(0x00007fdfb9c9b000,0x00007fdfb9d9c000)]
  0x00007fdfdc198800 JavaThread "pool-1-thread-2" [_thread_blocked, id=8938, stack(0x00007fdfb9d9c000,0x00007fdfb9e9d000)]
  0x00007fdfdc197000 JavaThread "pool-2-thread-1" [_thread_blocked, id=8935, stack(0x00007fdfb9e9d000,0x00007fdfb9f9e000)]
  0x00007fdfdc195000 JavaThread "pool-1-thread-1" [_thread_blocked, id=8934, stack(0x00007fdfb9f9e000,0x00007fdfba09f000)]
  0x00007fdfdc0af000 JavaThread "Service Thread" daemon [_thread_blocked, id=8913, stack(0x00007fdfd0094000,0x00007fdfd0195000)]
  0x00007fdfdc0ac800 JavaThread "C2 CompilerThread1" daemon [_thread_blocked, id=8912, stack(0x00007fdfd0195000,0x00007fdfd0296000)]
  0x00007fdfdc0a9800 JavaThread "C2 CompilerThread0" daemon [_thread_blocked, id=8910, stack(0x00007fdfd0296000,0x00007fdfd0397000)]
  0x00007fdfdc0a7800 JavaThread "Signal Dispatcher" daemon [_thread_blocked, id=8909, stack(0x00007fdfd0397000,0x00007fdfd0498000)]
  0x00007fdfdc07c800 JavaThread "Finalizer" daemon [_thread_blocked, id=8900, stack(0x00007fdfd0498000,0x00007fdfd0599000)]
  0x00007fdfdc07a800 JavaThread "Reference Handler" daemon [_thread_blocked, id=8899, stack(0x00007fdfd0599000,0x00007fdfd069a000)]
  0x00007fdfdc00a800 JavaThread "main" [_thread_blocked, id=8879, stack(0x00007fdfe2dba000,0x00007fdfe2ebb000)]

Other Threads:
=>0x00007fdfdc076000 VMThread [stack: 0x00007fdfd069a000,0x00007fdfd079b000] [id=8898]
  0x00007fdfdc0b9800 WatcherThread [stack: 0x00007fdfbb81d000,0x00007fdfbb91e000] [id=8914]

VM state:at safepoint (normal execution)

VM Mutex/Monitor currently owned by a thread:  ([mutex/lock_event])
[0x00007fdfdc006ac0] Threads_lock - owner thread: 0x00007fdfdc076000
[0x00007fdfdc006fc0] Heap_lock - owner thread: 0x00007fdfdc199800

Heap
 PSYoungGen      total 132096K, used 5097K [0x00000000eaa80000, 0x00000000f3080000, 0x0000000100000000)
  eden space 126976K, 0% used [0x00000000eaa80000,0x00000000eaa80000,0x00000000f2680000)
  from space 5120K, 99% used [0x00000000f2680000,0x00000000f2b7a5e8,0x00000000f2b80000)
  to   space 5120K, 0% used [0x00000000f2b80000,0x00000000f2b80000,0x00000000f3080000)
 ParOldGen       total 83968K, used 41787K [0x00000000c0000000, 0x00000000c5200000, 0x00000000eaa80000)
  object space 83968K, 49% used [0x00000000c0000000,0x00000000c28cefe8,0x00000000c5200000)
 PSPermGen       total 21504K, used 6414K [0x00000000b5a00000, 0x00000000b6f00000, 0x00000000c0000000)
  object space 21504K, 29% used [0x00000000b5a00000,0x00000000b6043980,0x00000000b6f00000)

Card table byte_map: [0x00007fdfd878b000,0x00007fdfd89df000] byte_map_base: 0x00007fdfd81de000

Polling page: 0x00007fdfe2edc000

Code Cache  [0x00007fdfd89df000, 0x00007fdfd8c4f000, 0x00007fdfdb9df000)
 total_blobs=587 nmethods=356 adapters=184 free_code_cache=47450Kb largest_free_block=48547392

Compilation events (10 events):
Event: 15.280 Thread 0x00007fdfdc0ac800 nmethod 360 0x00007fdfd8b6b490 code [0x00007fdfd8b6b5c0, 0x00007fdfd8b6b618]
Event: 15.280 Thread 0x00007fdfdc0ac800  361   !         com.android.dx.rop.code.RegisterSpecSet::get (18 bytes)
Event: 15.281 Thread 0x00007fdfdc0ac800 nmethod 361 0x00007fdfd8b68850 code [0x00007fdfd8b689a0, 0x00007fdfd8b68a38]
Event: 15.281 Thread 0x00007fdfdc0ac800  362             com.android.dx.ssa.MoveParamCombiner$1::visitNonMoveInsn (213 bytes)
Event: 15.340 Thread 0x00007fdfdc0ac800 nmethod 362 0x00007fdfd8b66a90 code [0x00007fdfd8b66d20, 0x00007fdfd8b677c0]
Event: 15.340 Thread 0x00007fdfdc0ac800  363             com.android.dx.ssa.LiteralOpUpgrader$1::visitNonMoveInsn (203 bytes)
Event: 15.400 Thread 0x00007fdfdc0a9800 nmethod 351 0x00007fdfd8b8c310 code [0x00007fdfd8b8c620, 0x00007fdfd8b8d770]
Event: 15.400 Thread 0x00007fdfdc0a9800  364             com.android.dx.ssa.LiteralOpUpgrader::access$000 (6 bytes)
Event: 15.577 Thread 0x00007fdfdc0a9800 nmethod 364 0x00007fdfd8b8f5d0 code [0x00007fdfd8b8f8e0, 0x00007fdfd8b908e0]
Event: 15.577 Thread 0x00007fdfdc0a9800  365             com.android.dx.ssa.LiteralOpUpgrader::tryReplacingWithConstant (161 bytes)

GC Heap History (9 events):
Event: 1.506 GC heap before
{Heap before GC invocations=1 (full 0):
 PSYoungGen      total 36864K, used 31744K [0x00000000eaa80000, 0x00000000ed380000, 0x0000000100000000)
  eden space 31744K, 100% used [0x00000000eaa80000,0x00000000ec980000,0x00000000ec980000)
  from space 5120K, 0% used [0x00000000ece80000,0x00000000ece80000,0x00000000ed380000)
  to   space 5120K, 0% used [0x00000000ec980000,0x00000000ec980000,0x00000000ece80000)
 ParOldGen       total 83968K, used 0K [0x00000000c0000000, 0x00000000c5200000, 0x00000000eaa80000)
  object space 83968K, 0% used [0x00000000c0000000,0x00000000c0000000,0x00000000c5200000)
 PSPermGen       total 21504K, used 6113K [0x00000000b5a00000, 0x00000000b6f00000, 0x00000000c0000000)
  object space 21504K, 28% used [0x00000000b5a00000,0x00000000b5ff8690,0x00000000b6f00000)
Event: 1.533 GC heap after
Heap after GC invocations=1 (full 0):
 PSYoungGen      total 36864K, used 5104K [0x00000000eaa80000, 0x00000000ef280000, 0x0000000100000000)
  eden space 31744K, 0% used [0x00000000eaa80000,0x00000000eaa80000,0x00000000ec980000)
  from space 5120K, 99% used [0x00000000ec980000,0x00000000ece7c088,0x00000000ece80000)
  to   space 5120K, 0% used [0x00000000eed80000,0x00000000eed80000,0x00000000ef280000)
 ParOldGen       total 83968K, used 738K [0x00000000c0000000, 0x00000000c5200000, 0x00000000eaa80000)
  object space 83968K, 0% used [0x00000000c0000000,0x00000000c00b89d8,0x00000000c5200000)
 PSPermGen       total 21504K, used 6113K [0x00000000b5a00000, 0x00000000b6f00000, 0x00000000c0000000)
  object space 21504K, 28% used [0x00000000b5a00000,0x00000000b5ff8690,0x00000000b6f00000)
}
Event: 3.328 GC heap before
{Heap before GC invocations=2 (full 0):
 PSYoungGen      total 36864K, used 36848K [0x00000000eaa80000, 0x00000000ef280000, 0x0000000100000000)
  eden space 31744K, 100% used [0x00000000eaa80000,0x00000000ec980000,0x00000000ec980000)
  from space 5120K, 99% used [0x00000000ec980000,0x00000000ece7c088,0x00000000ece80000)
  to   space 5120K, 0% used [0x00000000eed80000,0x00000000eed80000,0x00000000ef280000)
 ParOldGen       total 83968K, used 738K [0x00000000c0000000, 0x00000000c5200000, 0x00000000eaa80000)
  object space 83968K, 0% used [0x00000000c0000000,0x00000000c00b89d8,0x00000000c5200000)
 PSPermGen       total 21504K, used 6254K [0x00000000b5a00000, 0x00000000b6f00000, 0x00000000c0000000)
  object space 21504K, 29% used [0x00000000b5a00000,0x00000000b601bbf0,0x00000000b6f00000)
Event: 3.413 GC heap after
Heap after GC invocations=2 (full 0):
 PSYoungGen      total 68608K, used 5101K [0x00000000eaa80000, 0x00000000ef280000, 0x0000000100000000)
  eden space 63488K, 0% used [0x00000000eaa80000,0x00000000eaa80000,0x00000000ee880000)
  from space 5120K, 99% used [0x00000000eed80000,0x00000000ef27b4a0,0x00000000ef280000)
  to   space 5120K, 0% used [0x00000000ee880000,0x00000000ee880000,0x00000000eed80000)
 ParOldGen       total 83968K, used 4330K [0x00000000c0000000, 0x00000000c5200000, 0x00000000eaa80000)
  object space 83968K, 5% used [0x00000000c0000000,0x00000000c043aa70,0x00000000c5200000)
 PSPermGen       total 21504K, used 6254K [0x00000000b5a00000, 0x00000000b6f00000, 0x00000000c0000000)
  object space 21504K, 29% used [0x00000000b5a00000,0x00000000b601bbf0,0x00000000b6f00000)
}
Event: 6.958 GC heap before
{Heap before GC invocations=3 (full 0):
 PSYoungGen      total 68608K, used 68589K [0x00000000eaa80000, 0x00000000ef280000, 0x0000000100000000)
  eden space 63488K, 100% used [0x00000000eaa80000,0x00000000ee880000,0x00000000ee880000)
  from space 5120K, 99% used [0x00000000eed80000,0x00000000ef27b4a0,0x00000000ef280000)
  to   space 5120K, 0% used [0x00000000ee880000,0x00000000ee880000,0x00000000eed80000)
 ParOldGen       total 83968K, used 4330K [0x00000000c0000000, 0x00000000c5200000, 0x00000000eaa80000)
  object space 83968K, 5% used [0x00000000c0000000,0x00000000c043aa70,0x00000000c5200000)
 PSPermGen       total 21504K, used 6322K [0x00000000b5a00000, 0x00000000b6f00000, 0x00000000c0000000)
  object space 21504K, 29% used [0x00000000b5a00000,0x00000000b602c870,0x00000000b6f00000)
Event: 7.054 GC heap after
Heap after GC invocations=3 (full 0):
 PSYoungGen      total 68608K, used 5105K [0x00000000eaa80000, 0x00000000f3080000, 0x0000000100000000)
  eden space 63488K, 0% used [0x00000000eaa80000,0x00000000eaa80000,0x00000000ee880000)
  from space 5120K, 99% used [0x00000000ee880000,0x00000000eed7c670,0x00000000eed80000)
  to   space 5120K, 0% used [0x00000000f2b80000,0x00000000f2b80000,0x00000000f3080000)
 ParOldGen       total 83968K, used 14539K [0x00000000c0000000, 0x00000000c5200000, 0x00000000eaa80000)
  object space 83968K, 17% used [0x00000000c0000000,0x00000000c0e32fe8,0x00000000c5200000)
 PSPermGen       total 21504K, used 6322K [0x00000000b5a00000, 0x00000000b6f00000, 0x00000000c0000000)
  object space 21504K, 29% used [0x00000000b5a00000,0x00000000b602c870,0x00000000b6f00000)
}
Event: 9.530 GC heap before
{Heap before GC invocations=4 (full 0):
 PSYoungGen      total 68608K, used 68593K [0x00000000eaa80000, 0x00000000f3080000, 0x0000000100000000)
  eden space 63488K, 100% used [0x00000000eaa80000,0x00000000ee880000,0x00000000ee880000)
  from space 5120K, 99% used [0x00000000ee880000,0x00000000eed7c670,0x00000000eed80000)
  to   space 5120K, 0% used [0x00000000f2b80000,0x00000000f2b80000,0x00000000f3080000)
 ParOldGen       total 83968K, used 14539K [0x00000000c0000000, 0x00000000c5200000, 0x00000000eaa80000)
  object space 83968K, 17% used [0x00000000c0000000,0x00000000c0e32fe8,0x00000000c5200000)
 PSPermGen       total 21504K, used 6362K [0x00000000b5a00000, 0x00000000b6f00000, 0x00000000c0000000)
  object space 21504K, 29% used [0x00000000b5a00000,0x00000000b6036980,0x00000000b6f00000)
Event: 9.635 GC heap after
Heap after GC invocations=4 (full 0):
 PSYoungGen      total 132096K, used 5094K [0x00000000eaa80000, 0x00000000f3080000, 0x0000000100000000)
  eden space 126976K, 0% used [0x00000000eaa80000,0x00000000eaa80000,0x00000000f2680000)
  from space 5120K, 99% used [0x00000000f2b80000,0x00000000f30799a8,0x00000000f3080000)
  to   space 5120K, 0% used [0x00000000f2680000,0x00000000f2680000,0x00000000f2b80000)
 ParOldGen       total 83968K, used 23328K [0x00000000c0000000, 0x00000000c5200000, 0x00000000eaa80000)
  object space 83968K, 27% used [0x00000000c0000000,0x00000000c16c8140,0x00000000c5200000)
 PSPermGen       total 21504K, used 6362K [0x00000000b5a00000, 0x00000000b6f00000, 0x00000000c0000000)
  object space 21504K, 29% used [0x00000000b5a00000,0x00000000b6036980,0x00000000b6f00000)
}
Event: 15.678 GC heap before
{Heap before GC invocations=5 (full 0):
 PSYoungGen      total 132096K, used 132070K [0x00000000eaa80000, 0x00000000f3080000, 0x0000000100000000)
  eden space 126976K, 100% used [0x00000000eaa80000,0x00000000f2680000,0x00000000f2680000)
  from space 5120K, 99% used [0x00000000f2b80000,0x00000000f30799a8,0x00000000f3080000)
  to   space 5120K, 0% used [0x00000000f2680000,0x00000000f2680000,0x00000000f2b80000)
 ParOldGen       total 83968K, used 23328K [0x00000000c0000000, 0x00000000c5200000, 0x00000000eaa80000)
  object space 83968K, 27% used [0x00000000c0000000,0x00000000c16c8140,0x00000000c5200000)
 PSPermGen       total 21504K, used 6414K [0x00000000b5a00000, 0x00000000b6f00000, 0x00000000c0000000)
  object space 21504K, 29% used [0x00000000b5a00000,0x00000000b6043980,0x00000000b6f00000)

Deoptimization events (10 events):
Event: 1.405 Thread 0x00007fdfdc195000 Uncommon trap: reason=unstable_if action=reinterpret pc=0x00007fdfd8a6e774 method=com.android.dx.rop.code.RegisterSpec.equals(ILcom/android/dx/rop/type/TypeBearer;Lcom/android/dx/rop/code/LocalItem;)Z @ 42
Event: 2.635 Thread 0x00007fdfdc199800 Uncommon trap: reason=null_check action=make_not_entrant pc=0x00007fdfd8aa2aa8 method=com.android.dx.ssa.SsaRenamer.getLocalForNewReg(I)Lcom/android/dx/rop/code/LocalItem; @ 19
Event: 3.100 Thread 0x00007fdfdc198800 Uncommon trap: reason=unstable_if action=reinterpret pc=0x00007fdfd8a59f04 method=com.android.dx.rop.cst.Constant.compareTo(Lcom/android/dx/rop/cst/Constant;)I @ 12
Event: 3.666 Thread 0x00007fdfdc198800 Uncommon trap: reason=unstable_if action=reinterpret pc=0x00007fdfd8ab553c method=com.android.dx.ssa.LocalVariableExtractor.processBlock(I)V @ 251
Event: 4.635 Thread 0x00007fdfdc00a800 Uncommon trap: reason=null_check action=make_not_entrant pc=0x00007fdfd8ab02c4 method=com.android.dx.rop.type.Type.putIntern(Lcom/android/dx/rop/type/Type;)Lcom/android/dx/rop/type/Type; @ 18
Event: 5.094 Thread 0x00007fdfdc199800 Uncommon trap: reason=unstable_if action=reinterpret pc=0x00007fdfd8a852f4 method=com.android.dx.util.IntList.binarysearch(I)I @ 105
Event: 7.906 Thread 0x00007fdfdc199800 Uncommon trap: reason=unstable_if action=reinterpret pc=0x00007fdfd8a911d0 method=java.util.HashMap.put(Ljava/lang/Object;Ljava/lang/Object;)Ljava/lang/Object; @ 86
Event: 11.791 Thread 0x00007fdfdc00a800 Uncommon trap: reason=null_check action=make_not_entrant pc=0x00007fdfd8b2f400 method=com.android.dx.cf.code.Ropper$CatchInfo.getSetup(Lcom/android/dx/rop/type/Type;)Lcom/android/dx/cf/code/Ropper$ExceptionHandlerSetup; @ 10
Event: 12.446 Thread 0x00007fdfdc199800 Uncommon trap: reason=unstable_if action=reinterpret pc=0x00007fdfd8b3fd5c method=java.util.BitSet.ensureCapacity(I)V @ 6
Event: 13.238 Thread 0x00007fdfdc195000 Uncommon trap: reason=unstable_if action=reinterpret pc=0x00007fdfd8add458 method=com.android.dx.ssa.SCCP.simulateBranch(Lcom/android/dx/ssa/SsaInsn;)V @ 548

Internal exceptions (10 events):
Event: 0.986 Thread 0x00007fdfdc19b000 Implicit null exception at 0x00007fdfd8a60892 to 0x00007fdfd8a60ad1
Event: 1.060 Thread 0x00007fdfdc00a800 Threw 0x00000000ebe64590 at /build/openjdk-7-9duhBW/openjdk-7-7u101-2.6.6/build/openjdk/hotspot/src/share/vm/prims/jvm.cpp:1322
Event: 1.083 Thread 0x00007fdfdc00a800 Threw 0x00000000ebe75d50 at /build/openjdk-7-9duhBW/openjdk-7-7u101-2.6.6/build/openjdk/hotspot/src/share/vm/prims/jvm.cpp:1322
Event: 2.147 Thread 0x00007fdfdc00a800 Threw 0x00000000eb739e80 at /build/openjdk-7-9duhBW/openjdk-7-7u101-2.6.6/build/openjdk/hotspot/src/share/vm/prims/jvm.cpp:1322
Event: 2.635 Thread 0x00007fdfdc199800 Implicit null exception at 0x00007fdfd8aa17d9 to 0x00007fdfd8aa2a8d
Event: 4.635 Thread 0x00007fdfdc00a800 Implicit null exception at 0x00007fdfd8aafbff to 0x00007fdfd8ab02b5
Event: 5.028 Thread 0x00007fdfdc195000 Threw 0x00000000ec332800 at /build/openjdk-7-9duhBW/openjdk-7-7u101-2.6.6/build/openjdk/hotspot/src/share/vm/prims/jvm.cpp:1322
Event: 5.364 Thread 0x00007fdfdc00a800 Threw 0x00000000ecabf460 at /build/openjdk-7-9duhBW/openjdk-7-7u101-2.6.6/build/openjdk/hotspot/src/share/vm/prims/jvm.cpp:1322
Event: 9.001 Thread 0x00007fdfdc00a800 Threw 0x00000000ed938608 at /build/openjdk-7-9duhBW/openjdk-7-7u101-2.6.6/build/openjdk/hotspot/src/share/vm/prims/jvm.cpp:1322
Event: 11.791 Thread 0x00007fdfdc00a800 Implicit null exception at 0x00007fdfd8b2b865 to 0x00007fdfd8b2f3d5

Events (10 events):
Event: 12.446 Thread 0x00007fdfdc199800 DEOPT UNPACKING pc=0x00007fdfd8a18445 sp=0x00007fdfb9d9a058 mode 2
Event: 13.238 Thread 0x00007fdfdc195000 Uncommon trap: trap_request=0xffffff75 fr.pc=0x00007fdfd8add458
Event: 13.238 Thread 0x00007fdfdc195000 DEOPT PACKING pc=0x00007fdfd8add458 sp=0x00007fdfba09d140
Event: 13.238 Thread 0x00007fdfdc195000 DEOPT UNPACKING pc=0x00007fdfd8a18445 sp=0x00007fdfba09d108 mode 2
Event: 15.579 loading class 0x00007fdfd81972f0
Event: 15.579 loading class 0x00007fdfd81972f0 done
Event: 15.580 loading class 0x00007fdfd8197260
Event: 15.580 loading class 0x00007fdfd8197260 done
Event: 15.651 Thread 0x00007fdfdc19b000 Thread exited: 0x00007fdfdc19b000
Event: 15.662 Executing VM operation: ParallelGCFailedAllocation


Dynamic libraries:
00400000-00401000 r-xp 00000000 08:05 3150008                            /usr/lib/jvm/java-7-openjdk-amd64/jre/bin/java
00600000-00601000 r--p 00000000 08:05 3150008                            /usr/lib/jvm/java-7-openjdk-amd64/jre/bin/java
00601000-00602000 rw-p 00001000 08:05 3150008                            /usr/lib/jvm/java-7-openjdk-amd64/jre/bin/java
01edb000-01efc000 rw-p 00000000 00:00 0                                  [heap]
b5a00000-b6f00000 rw-p 00000000 00:00 0 
b6f00000-c0000000 rw-p 00000000 00:00 0 
c0000000-c5200000 rw-p 00000000 00:00 0 
c5200000-eaa80000 rw-p 00000000 00:00 0 
eaa80000-f3080000 rw-p 00000000 00:00 0 
fd480000-100000000 rw-p 00000000 00:00 0 
7fdf88000000-7fdf88021000 rw-p 00000000 00:00 0 
7fdf88021000-7fdf8c000000 ---p 00000000 00:00 0 
7fdf90000000-7fdf90024000 rw-p 00000000 00:00 0 
7fdf90024000-7fdf94000000 ---p 00000000 00:00 0 
7fdf94000000-7fdf94021000 rw-p 00000000 00:00 0 
7fdf94021000-7fdf98000000 ---p 00000000 00:00 0 
7fdf98000000-7fdf98039000 rw-p 00000000 00:00 0 
7fdf98039000-7fdf9c000000 ---p 00000000 00:00 0 
7fdf9c000000-7fdf9c021000 rw-p 00000000 00:00 0 
7fdf9c021000-7fdfa0000000 ---p 00000000 00:00 0 
7fdfa0000000-7fdfa0021000 rw-p 00000000 00:00 0 
7fdfa0021000-7fdfa4000000 ---p 00000000 00:00 0 
7fdfa4000000-7fdfa4021000 rw-p 00000000 00:00 0 
7fdfa4021000-7fdfa8000000 ---p 00000000 00:00 0 
7fdfa8000000-7fdfa956d000 rw-p 00000000 00:00 0 
7fdfa956d000-7fdfac000000 ---p 00000000 00:00 0 
7fdfac000000-7fdfac021000 rw-p 00000000 00:00 0 
7fdfac021000-7fdfb0000000 ---p 00000000 00:00 0 
7fdfb0000000-7fdfb1623000 rw-p 00000000 00:00 0 
7fdfb1623000-7fdfb4000000 ---p 00000000 00:00 0 
7fdfb4000000-7fdfb4021000 rw-p 00000000 00:00 0 
7fdfb4021000-7fdfb8000000 ---p 00000000 00:00 0 
7fdfb9b9a000-7fdfb9b9d000 ---p 00000000 00:00 0 
7fdfb9b9d000-7fdfb9c9b000 rw-p 00000000 00:00 0 
7fdfb9c9b000-7fdfb9c9e000 ---p 00000000 00:00 0 
7fdfb9c9e000-7fdfb9d9c000 rw-p 00000000 00:00 0                          [stack:8939]
7fdfb9d9c000-7fdfb9d9f000 ---p 00000000 00:00 0 
7fdfb9d9f000-7fdfb9e9d000 rw-p 00000000 00:00 0                          [stack:8938]
7fdfb9e9d000-7fdfb9ea0000 ---p 00000000 00:00 0 
7fdfb9ea0000-7fdfb9f9e000 rw-p 00000000 00:00 0                          [stack:8935]
7fdfb9f9e000-7fdfb9fa1000 ---p 00000000 00:00 0 
7fdfb9fa1000-7fdfba09f000 rw-p 00000000 00:00 0                          [stack:8934]
7fdfba09f000-7fdfba0dc000 r-xp 00000000 08:05 14942413                   /lib/x86_64-linux-gnu/libpcre.so.3.13.1
7fdfba0dc000-7fdfba2db000 ---p 0003d000 08:05 14942413                   /lib/x86_64-linux-gnu/libpcre.so.3.13.1
7fdfba2db000-7fdfba2dc000 r--p 0003c000 08:05 14942413                   /lib/x86_64-linux-gnu/libpcre.so.3.13.1
7fdfba2dc000-7fdfba2dd000 rw-p 0003d000 08:05 14942413                   /lib/x86_64-linux-gnu/libpcre.so.3.13.1
7fdfba2dd000-7fdfba2e4000 r-xp 00000000 08:05 3160111                    /usr/lib/x86_64-linux-gnu/libffi.so.6.0.1
7fdfba2e4000-7fdfba4e3000 ---p 00007000 08:05 3160111                    /usr/lib/x86_64-linux-gnu/libffi.so.6.0.1
7fdfba4e3000-7fdfba4e4000 r--p 00006000 08:05 3160111                    /usr/lib/x86_64-linux-gnu/libffi.so.6.0.1
7fdfba4e4000-7fdfba4e5000 rw-p 00007000 08:05 3160111                    /usr/lib/x86_64-linux-gnu/libffi.so.6.0.1
7fdfba4e5000-7fdfba4fc000 r-xp 00000000 08:05 14942466                   /lib/x86_64-linux-gnu/libresolv-2.19.so
7fdfba4fc000-7fdfba6fc000 ---p 00017000 08:05 14942466                   /lib/x86_64-linux-gnu/libresolv-2.19.so
7fdfba6fc000-7fdfba6fd000 r--p 00017000 08:05 14942466                   /lib/x86_64-linux-gnu/libresolv-2.19.so
7fdfba6fd000-7fdfba6fe000 rw-p 00018000 08:05 14942466                   /lib/x86_64-linux-gnu/libresolv-2.19.so
7fdfba6fe000-7fdfba700000 rw-p 00000000 00:00 0 
7fdfba700000-7fdfba720000 r-xp 00000000 08:05 14946375                   /lib/x86_64-linux-gnu/libselinux.so.1
7fdfba720000-7fdfba91f000 ---p 00020000 08:05 14946375                   /lib/x86_64-linux-gnu/libselinux.so.1
7fdfba91f000-7fdfba920000 r--p 0001f000 08:05 14946375                   /lib/x86_64-linux-gnu/libselinux.so.1
7fdfba920000-7fdfba921000 rw-p 00020000 08:05 14946375                   /lib/x86_64-linux-gnu/libselinux.so.1
7fdfba921000-7fdfba923000 rw-p 00000000 00:00 0 
7fdfba923000-7fdfba926000 r-xp 00000000 08:05 3154114                    /usr/lib/x86_64-linux-gnu/libgmodule-2.0.so.0.4002.0
7fdfba926000-7fdfbab25000 ---p 00003000 08:05 3154114                    /usr/lib/x86_64-linux-gnu/libgmodule-2.0.so.0.4002.0
7fdfbab25000-7fdfbab26000 r--p 00002000 08:05 3154114                    /usr/lib/x86_64-linux-gnu/libgmodule-2.0.so.0.4002.0
7fdfbab26000-7fdfbab27000 rw-p 00003000 08:05 3154114                    /usr/lib/x86_64-linux-gnu/libgmodule-2.0.so.0.4002.0
7fdfbab27000-7fdfbac2d000 r-xp 00000000 08:05 14946276                   /lib/x86_64-linux-gnu/libglib-2.0.so.0.4002.0
7fdfbac2d000-7fdfbae2c000 ---p 00106000 08:05 14946276                   /lib/x86_64-linux-gnu/libglib-2.0.so.0.4002.0
7fdfbae2c000-7fdfbae2d000 r--p 00105000 08:05 14946276                   /lib/x86_64-linux-gnu/libglib-2.0.so.0.4002.0
7fdfbae2d000-7fdfbae2e000 rw-p 00106000 08:05 14946276                   /lib/x86_64-linux-gnu/libglib-2.0.so.0.4002.0
7fdfbae2e000-7fdfbae2f000 rw-p 00000000 00:00 0 
7fdfbae2f000-7fdfbae7e000 r-xp 00000000 08:05 3154130                    /usr/lib/x86_64-linux-gnu/libgobject-2.0.so.0.4002.0
7fdfbae7e000-7fdfbb07e000 ---p 0004f000 08:05 3154130                    /usr/lib/x86_64-linux-gnu/libgobject-2.0.so.0.4002.0
7fdfbb07e000-7fdfbb07f000 r--p 0004f000 08:05 3154130                    /usr/lib/x86_64-linux-gnu/libgobject-2.0.so.0.4002.0
7fdfbb07f000-7fdfbb080000 rw-p 00050000 08:05 3154130                    /usr/lib/x86_64-linux-gnu/libgobject-2.0.so.0.4002.0
7fdfbb080000-7fdfbb1ec000 r-xp 00000000 08:05 3154102                    /usr/lib/x86_64-linux-gnu/libgio-2.0.so.0.4002.0
7fdfbb1ec000-7fdfbb3eb000 ---p 0016c000 08:05 3154102                    /usr/lib/x86_64-linux-gnu/libgio-2.0.so.0.4002.0
7fdfbb3eb000-7fdfbb3ef000 r--p 0016b000 08:05 3154102                    /usr/lib/x86_64-linux-gnu/libgio-2.0.so.0.4002.0
7fdfbb3ef000-7fdfbb3f1000 rw-p 0016f000 08:05 3154102                    /usr/lib/x86_64-linux-gnu/libgio-2.0.so.0.4002.0
7fdfbb3f1000-7fdfbb3f3000 rw-p 00000000 00:00 0 
7fdfbb3f3000-7fdfbb40a000 r-xp 00000000 08:05 3153796                    /usr/lib/jvm/java-7-openjdk-amd64/jre/lib/amd64/libnet.so
7fdfbb40a000-7fdfbb609000 ---p 00017000 08:05 3153796                    /usr/lib/jvm/java-7-openjdk-amd64/jre/lib/amd64/libnet.so
7fdfbb609000-7fdfbb60a000 r--p 00016000 08:05 3153796                    /usr/lib/jvm/java-7-openjdk-amd64/jre/lib/amd64/libnet.so
7fdfbb60a000-7fdfbb60b000 rw-p 00017000 08:05 3153796                    /usr/lib/jvm/java-7-openjdk-amd64/jre/lib/amd64/libnet.so
7fdfbb60b000-7fdfbb61b000 r-xp 00000000 08:05 3155201                    /usr/lib/jvm/java-7-openjdk-amd64/jre/lib/amd64/libnio.so
7fdfbb61b000-7fdfbb81b000 ---p 00010000 08:05 3155201                    /usr/lib/jvm/java-7-openjdk-amd64/jre/lib/amd64/libnio.so
7fdfbb81b000-7fdfbb81c000 r--p 00010000 08:05 3155201                    /usr/lib/jvm/java-7-openjdk-amd64/jre/lib/amd64/libnio.so
7fdfbb81c000-7fdfbb81d000 rw-p 00011000 08:05 3155201                    /usr/lib/jvm/java-7-openjdk-amd64/jre/lib/amd64/libnio.so
7fdfbb81d000-7fdfbb81e000 ---p 00000000 00:00 0 
7fdfbb81e000-7fdfbb91e000 rw-p 00000000 00:00 0                          [stack:8914]
7fdfbb91e000-7fdfbc000000 r--p 00000000 08:05 3152714                    /usr/lib/locale/locale-archive
7fdfbc000000-7fdfbc021000 rw-p 00000000 00:00 0 
7fdfbc021000-7fdfc0000000 ---p 00000000 00:00 0 
7fdfc0000000-7fdfc0021000 rw-p 00000000 00:00 0 
7fdfc0021000-7fdfc4000000 ---p 00000000 00:00 0 
7fdfc4000000-7fdfc4021000 rw-p 00000000 00:00 0 
7fdfc4021000-7fdfc8000000 ---p 00000000 00:00 0 
7fdfc8000000-7fdfc8021000 rw-p 00000000 00:00 0 
7fdfc8021000-7fdfcc000000 ---p 00000000 00:00 0 
7fdfcc000000-7fdfcc021000 rw-p 00000000 00:00 0 
7fdfcc021000-7fdfd0000000 ---p 00000000 00:00 0 
7fdfd0046000-7fdfd0077000 rw-p 00000000 00:00 0 
7fdfd0094000-7fdfd0097000 ---p 00000000 00:00 0 
7fdfd0097000-7fdfd0195000 rw-p 00000000 00:00 0                          [stack:8913]
7fdfd0195000-7fdfd0198000 ---p 00000000 00:00 0 
7fdfd0198000-7fdfd0296000 rw-p 00000000 00:00 0                          [stack:8912]
7fdfd0296000-7fdfd0299000 ---p 00000000 00:00 0 
7fdfd0299000-7fdfd0397000 rw-p 00000000 00:00 0                          [stack:8910]
7fdfd0397000-7fdfd039a000 ---p 00000000 00:00 0 
7fdfd039a000-7fdfd0498000 rw-p 00000000 00:00 0                          [stack:8909]
7fdfd0498000-7fdfd049b000 ---p 00000000 00:00 0 
7fdfd049b000-7fdfd0599000 rw-p 00000000 00:00 0                          [stack:8900]
7fdfd0599000-7fdfd059c000 ---p 00000000 00:00 0 
7fdfd059c000-7fdfd069a000 rw-p 00000000 00:00 0                          [stack:8899]
7fdfd069a000-7fdfd069b000 ---p 00000000 00:00 0 
7fdfd069b000-7fdfd16cb000 rw-p 00000000 00:00 0                          [stack:8898]
7fdfd16cb000-7fdfd187d000 r--s 01d32000 08:05 3155218                    /usr/lib/jvm/java-7-openjdk-amd64/jre/lib/rt.jar
7fdfd187d000-7fdfd4000000 rw-p 00000000 00:00 0 
7fdfd4000000-7fdfd4021000 rw-p 00000000 00:00 0 
7fdfd4021000-7fdfd8000000 ---p 00000000 00:00 0 
7fdfd8018000-7fdfd81de000 rw-p 00000000 00:00 0 
7fdfd81de000-7fdfd81df000 ---p 00000000 00:00 0 
7fdfd81df000-7fdfd82df000 rw-p 00000000 00:00 0                          [stack:8891]
7fdfd82df000-7fdfd82e0000 ---p 00000000 00:00 0 
7fdfd82e0000-7fdfd83e0000 rw-p 00000000 00:00 0                          [stack:8890]
7fdfd83e0000-7fdfd83e1000 ---p 00000000 00:00 0 
7fdfd83e1000-7fdfd84e1000 rw-p 00000000 00:00 0                          [stack:8888]
7fdfd84e1000-7fdfd84e2000 ---p 00000000 00:00 0 
7fdfd84e2000-7fdfd85ed000 rw-p 00000000 00:00 0                          [stack:8884]
7fdfd85ed000-7fdfd8635000 rw-p 00000000 00:00 0 
7fdfd8635000-7fdfd865e000 rw-p 00000000 00:00 0 
7fdfd865e000-7fdfd878b000 rw-p 00000000 00:00 0 
7fdfd878b000-7fdfd8796000 rw-p 00000000 00:00 0 
7fdfd8796000-7fdfd87de000 rw-p 00000000 00:00 0 
7fdfd87de000-7fdfd8807000 rw-p 00000000 00:00 0 
7fdfd8807000-7fdfd8933000 rw-p 00000000 00:00 0 
7fdfd8933000-7fdfd8977000 rw-p 00000000 00:00 0 
7fdfd8977000-7fdfd89de000 rw-p 00000000 00:00 0 
7fdfd89de000-7fdfd89df000 rw-p 00000000 00:00 0 
7fdfd89df000-7fdfd8c4f000 rwxp 00000000 00:00 0 
7fdfd8c4f000-7fdfdb9df000 rw-p 00000000 00:00 0 
7fdfdb9df000-7fdfdb9e7000 r-xp 00000000 08:05 3154476                    /usr/lib/jvm/java-7-openjdk-amd64/jre/lib/amd64/libzip.so
7fdfdb9e7000-7fdfdbbe6000 ---p 00008000 08:05 3154476                    /usr/lib/jvm/java-7-openjdk-amd64/jre/lib/amd64/libzip.so
7fdfdbbe6000-7fdfdbbe7000 r--p 00007000 08:05 3154476                    /usr/lib/jvm/java-7-openjdk-amd64/jre/lib/amd64/libzip.so
7fdfdbbe7000-7fdfdbbe8000 rw-p 00008000 08:05 3154476                    /usr/lib/jvm/java-7-openjdk-amd64/jre/lib/amd64/libzip.so
7fdfdbbe8000-7fdfdbbf3000 r-xp 00000000 08:05 14954492                   /lib/x86_64-linux-gnu/libnss_files-2.19.so
7fdfdbbf3000-7fdfdbdf2000 ---p 0000b000 08:05 14954492                   /lib/x86_64-linux-gnu/libnss_files-2.19.so
7fdfdbdf2000-7fdfdbdf3000 r--p 0000a000 08:05 14954492                   /lib/x86_64-linux-gnu/libnss_files-2.19.so
7fdfdbdf3000-7fdfdbdf4000 rw-p 0000b000 08:05 14954492                   /lib/x86_64-linux-gnu/libnss_files-2.19.so
7fdfdbdf4000-7fdfdbdff000 r-xp 00000000 08:05 14952469                   /lib/x86_64-linux-gnu/libnss_nis-2.19.so
7fdfdbdff000-7fdfdbffe000 ---p 0000b000 08:05 14952469                   /lib/x86_64-linux-gnu/libnss_nis-2.19.so
7fdfdbffe000-7fdfdbfff000 r--p 0000a000 08:05 14952469                   /lib/x86_64-linux-gnu/libnss_nis-2.19.so
7fdfdbfff000-7fdfdc000000 rw-p 0000b000 08:05 14952469                   /lib/x86_64-linux-gnu/libnss_nis-2.19.so
7fdfdc000000-7fdfdc1d2000 rw-p 00000000 00:00 0 
7fdfdc1d2000-7fdfe0000000 ---p 00000000 00:00 0 
7fdfe0003000-7fdfe0012000 r--s 000df000 08:05 12592385                   /home/vineeth/Android/Sdk/build-tools/23.0.2/lib/dx.jar
7fdfe0012000-7fdfe0029000 r-xp 00000000 08:05 14952465                   /lib/x86_64-linux-gnu/libnsl-2.19.so
7fdfe0029000-7fdfe0228000 ---p 00017000 08:05 14952465                   /lib/x86_64-linux-gnu/libnsl-2.19.so
7fdfe0228000-7fdfe0229000 r--p 00016000 08:05 14952465                   /lib/x86_64-linux-gnu/libnsl-2.19.so
7fdfe0229000-7fdfe022a000 rw-p 00017000 08:05 14952465                   /lib/x86_64-linux-gnu/libnsl-2.19.so
7fdfe022a000-7fdfe022c000 rw-p 00000000 00:00 0 
7fdfe022c000-7fdfe0235000 r-xp 00000000 08:05 14952464                   /lib/x86_64-linux-gnu/libnss_compat-2.19.so
7fdfe0235000-7fdfe0434000 ---p 00009000 08:05 14952464                   /lib/x86_64-linux-gnu/libnss_compat-2.19.so
7fdfe0434000-7fdfe0435000 r--p 00008000 08:05 14952464                   /lib/x86_64-linux-gnu/libnss_compat-2.19.so
7fdfe0435000-7fdfe0436000 rw-p 00009000 08:05 14952464                   /lib/x86_64-linux-gnu/libnss_compat-2.19.so
7fdfe0436000-7fdfe0461000 r-xp 00000000 08:05 3151123                    /usr/lib/jvm/java-7-openjdk-amd64/jre/lib/amd64/libjava.so
7fdfe0461000-7fdfe0661000 ---p 0002b000 08:05 3151123                    /usr/lib/jvm/java-7-openjdk-amd64/jre/lib/amd64/libjava.so
7fdfe0661000-7fdfe0662000 r--p 0002b000 08:05 3151123                    /usr/lib/jvm/java-7-openjdk-amd64/jre/lib/amd64/libjava.so
7fdfe0662000-7fdfe0664000 rw-p 0002c000 08:05 3151123                    /usr/lib/jvm/java-7-openjdk-amd64/jre/lib/amd64/libjava.so
7fdfe0664000-7fdfe0674000 r-xp 00000000 08:05 3151133                    /usr/lib/jvm/java-7-openjdk-amd64/jre/lib/amd64/libverify.so
7fdfe0674000-7fdfe0873000 ---p 00010000 08:05 3151133                    /usr/lib/jvm/java-7-openjdk-amd64/jre/lib/amd64/libverify.so
7fdfe0873000-7fdfe0875000 r--p 0000f000 08:05 3151133                    /usr/lib/jvm/java-7-openjdk-amd64/jre/lib/amd64/libverify.so
7fdfe0875000-7fdfe0876000 rw-p 00011000 08:05 3151133                    /usr/lib/jvm/java-7-openjdk-amd64/jre/lib/amd64/libverify.so
7fdfe0876000-7fdfe087d000 r-xp 00000000 08:05 14952473                   /lib/x86_64-linux-gnu/librt-2.19.so
7fdfe087d000-7fdfe0a7c000 ---p 00007000 08:05 14952473                   /lib/x86_64-linux-gnu/librt-2.19.so
7fdfe0a7c000-7fdfe0a7d000 r--p 00006000 08:05 14952473                   /lib/x86_64-linux-gnu/librt-2.19.so
7fdfe0a7d000-7fdfe0a7e000 rw-p 00007000 08:05 14952473                   /lib/x86_64-linux-gnu/librt-2.19.so
7fdfe0a7e000-7fdfe0a94000 r-xp 00000000 08:05 14942487                   /lib/x86_64-linux-gnu/libgcc_s.so.1
7fdfe0a94000-7fdfe0c93000 ---p 00016000 08:05 14942487                   /lib/x86_64-linux-gnu/libgcc_s.so.1
7fdfe0c93000-7fdfe0c94000 rw-p 00015000 08:05 14942487                   /lib/x86_64-linux-gnu/libgcc_s.so.1
7fdfe0c94000-7fdfe0d99000 r-xp 00000000 08:05 14946252                   /lib/x86_64-linux-gnu/libm-2.19.so
7fdfe0d99000-7fdfe0f98000 ---p 00105000 08:05 14946252                   /lib/x86_64-linux-gnu/libm-2.19.so
7fdfe0f98000-7fdfe0f99000 r--p 00104000 08:05 14946252                   /lib/x86_64-linux-gnu/libm-2.19.so
7fdfe0f99000-7fdfe0f9a000 rw-p 00105000 08:05 14946252                   /lib/x86_64-linux-gnu/libm-2.19.so
7fdfe0f9a000-7fdfe1080000 r-xp 00000000 08:05 3146083                    /usr/lib/x86_64-linux-gnu/libstdc++.so.6.0.19
7fdfe1080000-7fdfe127f000 ---p 000e6000 08:05 3146083                    /usr/lib/x86_64-linux-gnu/libstdc++.so.6.0.19
7fdfe127f000-7fdfe1287000 r--p 000e5000 08:05 3146083                    /usr/lib/x86_64-linux-gnu/libstdc++.so.6.0.19
7fdfe1287000-7fdfe1289000 rw-p 000ed000 08:05 3146083                    /usr/lib/x86_64-linux-gnu/libstdc++.so.6.0.19
7fdfe1289000-7fdfe129e000 rw-p 00000000 00:00 0 
7fdfe129e000-7fdfe1dc3000 r-xp 00000000 08:05 3154167                    /usr/lib/jvm/java-7-openjdk-amd64/jre/lib/amd64/server/libjvm.so
7fdfe1dc3000-7fdfe1fc3000 ---p 00b25000 08:05 3154167                    /usr/lib/jvm/java-7-openjdk-amd64/jre/lib/amd64/server/libjvm.so
7fdfe1fc3000-7fdfe205d000 r--p 00b25000 08:05 3154167                    /usr/lib/jvm/java-7-openjdk-amd64/jre/lib/amd64/server/libjvm.so
7fdfe205d000-7fdfe2080000 rw-p 00bbf000 08:05 3154167                    /usr/lib/jvm/java-7-openjdk-amd64/jre/lib/amd64/server/libjvm.so
7fdfe2080000-7fdfe20af000 rw-p 00000000 00:00 0 
7fdfe20af000-7fdfe20c7000 r-xp 00000000 08:05 14946408                   /lib/x86_64-linux-gnu/libz.so.1.2.8
7fdfe20c7000-7fdfe22c6000 ---p 00018000 08:05 14946408                   /lib/x86_64-linux-gnu/libz.so.1.2.8
7fdfe22c6000-7fdfe22c7000 r--p 00017000 08:05 14946408                   /lib/x86_64-linux-gnu/libz.so.1.2.8
7fdfe22c7000-7fdfe22c8000 rw-p 00018000 08:05 14946408                   /lib/x86_64-linux-gnu/libz.so.1.2.8
7fdfe22c8000-7fdfe22e1000 r-xp 00000000 08:05 14952466                   /lib/x86_64-linux-gnu/libpthread-2.19.so
7fdfe22e1000-7fdfe24e0000 ---p 00019000 08:05 14952466                   /lib/x86_64-linux-gnu/libpthread-2.19.so
7fdfe24e0000-7fdfe24e1000 r--p 00018000 08:05 14952466                   /lib/x86_64-linux-gnu/libpthread-2.19.so
7fdfe24e1000-7fdfe24e2000 rw-p 00019000 08:05 14952466                   /lib/x86_64-linux-gnu/libpthread-2.19.so
7fdfe24e2000-7fdfe24e6000 rw-p 00000000 00:00 0 
7fdfe24e6000-7fdfe24e9000 r-xp 00000000 08:05 14951505                   /lib/x86_64-linux-gnu/libdl-2.19.so
7fdfe24e9000-7fdfe26e8000 ---p 00003000 08:05 14951505                   /lib/x86_64-linux-gnu/libdl-2.19.so
7fdfe26e8000-7fdfe26e9000 r--p 00002000 08:05 14951505                   /lib/x86_64-linux-gnu/libdl-2.19.so
7fdfe26e9000-7fdfe26ea000 rw-p 00003000 08:05 14951505                   /lib/x86_64-linux-gnu/libdl-2.19.so
7fdfe26ea000-7fdfe28a5000 r-xp 00000000 08:05 14952653                   /lib/x86_64-linux-gnu/libc-2.19.so
7fdfe28a5000-7fdfe2aa4000 ---p 001bb000 08:05 14952653                   /lib/x86_64-linux-gnu/libc-2.19.so
7fdfe2aa4000-7fdfe2aa8000 r--p 001ba000 08:05 14952653                   /lib/x86_64-linux-gnu/libc-2.19.so
7fdfe2aa8000-7fdfe2aaa000 rw-p 001be000 08:05 14952653                   /lib/x86_64-linux-gnu/libc-2.19.so
7fdfe2aaa000-7fdfe2aaf000 rw-p 00000000 00:00 0 
7fdfe2aaf000-7fdfe2abc000 r-xp 00000000 08:05 3155195                    /usr/lib/jvm/java-7-openjdk-amd64/jre/lib/amd64/jli/libjli.so
7fdfe2abc000-7fdfe2cbb000 ---p 0000d000 08:05 3155195                    /usr/lib/jvm/java-7-openjdk-amd64/jre/lib/amd64/jli/libjli.so
7fdfe2cbb000-7fdfe2cbc000 r--p 0000c000 08:05 3155195                    /usr/lib/jvm/java-7-openjdk-amd64/jre/lib/amd64/jli/libjli.so
7fdfe2cbc000-7fdfe2cbd000 rw-p 0000d000 08:05 3155195                    /usr/lib/jvm/java-7-openjdk-amd64/jre/lib/amd64/jli/libjli.so
7fdfe2cbd000-7fdfe2ce0000 r-xp 00000000 08:05 14952467                   /lib/x86_64-linux-gnu/ld-2.19.so
7fdfe2ce0000-7fdfe2ce2000 r--s 00012000 08:05 3155231                    /usr/lib/jvm/java-7-openjdk-amd64/jre/lib/ext/zipfs.jar
7fdfe2ce2000-7fdfe2d04000 rw-p 00000000 00:00 0 
7fdfe2d04000-7fdfe2dba000 rw-p 00000000 00:00 0 
7fdfe2dba000-7fdfe2dbd000 ---p 00000000 00:00 0 
7fdfe2dbd000-7fdfe2ec1000 rw-p 00000000 00:00 0                          [stack:8879]
7fdfe2ec1000-7fdfe2ec5000 r--s 00034000 08:05 3155232                    /usr/lib/jvm/java-7-openjdk-amd64/jre/lib/ext/sunjce_provider.jar
7fdfe2ec5000-7fdfe2ec6000 r--s 00002000 08:05 3155230                    /usr/lib/jvm/java-7-openjdk-amd64/jre/lib/ext/dnsns.jar
7fdfe2ec6000-7fdfe2eca000 r--s 0003c000 08:05 3155235                    /usr/lib/jvm/java-7-openjdk-amd64/jre/lib/ext/sunpkcs11.jar
7fdfe2eca000-7fdfe2ece000 r--s 00085000 08:05 3155234                    /usr/lib/jvm/java-7-openjdk-amd64/jre/lib/ext/localedata.jar
7fdfe2ece000-7fdfe2ed0000 r--s 00006000 08:05 3543572                    /usr/share/java/java-atk-wrapper.jar
7fdfe2ed0000-7fdfe2ed3000 r--s 0000f000 08:05 3155233                    /usr/lib/jvm/java-7-openjdk-amd64/jre/lib/ext/icedtea-sound.jar
7fdfe2ed3000-7fdfe2edb000 rw-s 00000000 08:05 6299707                    /tmp/hsperfdata_vineeth/8867
7fdfe2edb000-7fdfe2edc000 rw-p 00000000 00:00 0 
7fdfe2edc000-7fdfe2edd000 ---p 00000000 00:00 0 
7fdfe2edd000-7fdfe2edf000 rw-p 00000000 00:00 0 
7fdfe2edf000-7fdfe2ee0000 r--p 00022000 08:05 14952467                   /lib/x86_64-linux-gnu/ld-2.19.so
7fdfe2ee0000-7fdfe2ee1000 rw-p 00023000 08:05 14952467                   /lib/x86_64-linux-gnu/ld-2.19.so
7fdfe2ee1000-7fdfe2ee2000 rw-p 00000000 00:00 0 
7ffe58ccb000-7ffe58cec000 rw-p 00000000 00:00 0                          [stack]
7ffe58d3b000-7ffe58d3d000 r-xp 00000000 00:00 0                          [vdso]
7ffe58d3d000-7ffe58d3f000 r--p 00000000 00:00 0                          [vvar]
ffffffffff600000-ffffffffff601000 r-xp 00000000 00:00 0                  [vsyscall]

VM Arguments:
jvm_args: -Djava.awt.headless=true -Xmx1024M -Dfile.encoding=UTF-8 -Duser.country=US -Duser.language=en -Duser.variant 
java_command: com.android.dx.command.Main --dex --num-threads=4 --output /home/vineeth/AndroidStudioProjects/MyPortfolioApp/app/build/intermediates/pre-dexed/debug/com.android.support-appcompat-v7-23.1.1_02fd695667666d009467994880e3eab22d3167a7.jar /home/vineeth/AndroidStudioProjects/MyPortfolioApp/app/build/intermediates/exploded-aar/com.android.support/appcompat-v7/23.1.1/jars/classes.jar
Launcher Type: SUN_STANDARD

Environment Variables:
PATH=/usr/local/sbin:/usr/local/bin:/usr/sbin:/usr/bin:/sbin:/bin:/usr/games:/usr/local/games
LD_LIBRARY_PATH=/home/vineeth/Desktop/android-studio/bin:
SHELL=/bin/bash
DISPLAY=:0

Signal Handlers:
SIGSEGV: [libjvm.so+0x9561e0], sa_mask[0]=0x7ffbfeff, sa_flags=0x10000004
SIGBUS: [libjvm.so+0x9561e0], sa_mask[0]=0x7ffbfeff, sa_flags=0x10000004
SIGFPE: [libjvm.so+0x7cc4d0], sa_mask[0]=0x7ffbfeff, sa_flags=0x10000004
SIGPIPE: [libjvm.so+0x7cc4d0], sa_mask[0]=0x7ffbfeff, sa_flags=0x10000004
SIGXFSZ: [libjvm.so+0x7cc4d0], sa_mask[0]=0x7ffbfeff, sa_flags=0x10000004
SIGILL: [libjvm.so+0x7cc4d0], sa_mask[0]=0x7ffbfeff, sa_flags=0x10000004
SIGUSR1: SIG_DFL, sa_mask[0]=0x00000000, sa_flags=0x00000000
SIGUSR2: [libjvm.so+0x7cc370], sa_mask[0]=0x00000004, sa_flags=0x10000004
SIGHUP: [libjvm.so+0x7cc550], sa_mask[0]=0x7ffbfeff, sa_flags=0x10000004
SIGINT: [libjvm.so+0x7cc550], sa_mask[0]=0x7ffbfeff, sa_flags=0x10000004
SIGTERM: [libjvm.so+0x7cc550], sa_mask[0]=0x7ffbfeff, sa_flags=0x10000004
SIGQUIT: [libjvm.so+0x7cc550], sa_mask[0]=0x7ffbfeff, sa_flags=0x10000004
SIGTRAP: SIG_DFL, sa_mask[0]=0x00000000, sa_flags=0x00000000


---------------  S Y S T E M  ---------------

OS:Ubuntu 14.04 (trusty)
uname:Linux 3.16.0-71-generic #91~14.04.1-Ubuntu SMP Mon Apr 18 19:43:36 UTC 2016 x86_64
libc:glibc 2.19 NPTL 2.19 
rlimit: STACK 8192k, CORE 0k, NPROC 31125, NOFILE 4096, AS infinity
load average:6.15 1.76 1.17

/proc/meminfo:
MemTotal:        8054468 kB
MemFree:          146176 kB
MemAvailable:      93364 kB
Buffers:            1576 kB
Cached:           507372 kB
SwapCached:            0 kB
Active:          7156660 kB
Inactive:         462608 kB
Active(anon):    7144092 kB
Inactive(anon):   449140 kB
Active(file):      12568 kB
Inactive(file):    13468 kB
Unevictable:         296 kB
Mlocked:             296 kB
SwapTotal:             0 kB
SwapFree:              0 kB
Dirty:               280 kB
Writeback:             0 kB
AnonPages:       7111064 kB
Mapped:           251460 kB
Shmem:            482560 kB
Slab:              84748 kB
SReclaimable:      37280 kB
SUnreclaim:        47468 kB
KernelStack:       18656 kB
PageTables:        87544 kB
NFS_Unstable:          0 kB
Bounce:                0 kB
WritebackTmp:          0 kB
CommitLimit:     4027232 kB
Committed_AS:   19005396 kB
VmallocTotal:   34359738367 kB
VmallocUsed:      552332 kB
VmallocChunk:   34359148540 kB
HardwareCorrupted:     0 kB
AnonHugePages:   2127872 kB
HugePages_Total:       0
HugePages_Free:        0
HugePages_Rsvd:        0
HugePages_Surp:        0
Hugepagesize:       2048 kB
DirectMap4k:       67008 kB
DirectMap2M:     1908736 kB
DirectMap1G:     6291456 kB


CPU:total 4 (2 cores per cpu, 2 threads per core) family 6 model 69 stepping 1, cmov, cx8, fxsr, mmx, sse, sse2, sse3, ssse3, sse4.1, sse4.2, popcnt, avx, avx2, aes, erms, ht, tsc, tscinvbit

/proc/cpuinfo:
processor	: 0
vendor_id	: GenuineIntel
cpu family	: 6
model		: 69
model name	: Intel(R) Core(TM) i7-4500U CPU @ 1.80GHz
stepping	: 1
microcode	: 0x17
cpu MHz		: 2700.000
cache size	: 4096 KB
physical id	: 0
siblings	: 4
core id		: 0
cpu cores	: 2
apicid		: 0
initial apicid	: 0
fpu		: yes
fpu_exception	: yes
cpuid level	: 13
wp		: yes
flags		: fpu vme de pse tsc msr pae mce cx8 apic sep mtrr pge mca cmov pat pse36 clflush dts acpi mmx fxsr sse sse2 ss ht tm pbe syscall nx pdpe1gb rdtscp lm constant_tsc arch_perfmon pebs bts rep_good nopl xtopology nonstop_tsc aperfmperf eagerfpu pni pclmulqdq dtes64 monitor ds_cpl vmx est tm2 ssse3 fma cx16 xtpr pdcm pcid sse4_1 sse4_2 movbe popcnt tsc_deadline_timer aes xsave avx f16c rdrand lahf_lm abm ida arat epb xsaveopt pln pts dtherm tpr_shadow vnmi flexpriority ept vpid fsgsbase tsc_adjust bmi1 avx2 smep bmi2 erms invpcid
bogomips	: 4789.13
clflush size	: 64
cache_alignment	: 64
address sizes	: 39 bits physical, 48 bits virtual
power management:

processor	: 1
vendor_id	: GenuineIntel
cpu family	: 6
model		: 69
model name	: Intel(R) Core(TM) i7-4500U CPU @ 1.80GHz
stepping	: 1
microcode	: 0x17
cpu MHz		: 2700.000
cache size	: 4096 KB
physical id	: 0
siblings	: 4
core id		: 0
cpu cores	: 2
apicid		: 1
initial apicid	: 1
fpu		: yes
fpu_exception	: yes
cpuid level	: 13
wp		: yes
flags		: fpu vme de pse tsc msr pae mce cx8 apic sep mtrr pge mca cmov pat pse36 clflush dts acpi mmx fxsr sse sse2 ss ht tm pbe syscall nx pdpe1gb rdtscp lm constant_tsc arch_perfmon pebs bts rep_good nopl xtopology nonstop_tsc aperfmperf eagerfpu pni pclmulqdq dtes64 monitor ds_cpl vmx est tm2 ssse3 fma cx16 xtpr pdcm pcid sse4_1 sse4_2 movbe popcnt tsc_deadline_timer aes xsave avx f16c rdrand lahf_lm abm ida arat epb xsaveopt pln pts dtherm tpr_shadow vnmi flexpriority ept vpid fsgsbase tsc_adjust bmi1 avx2 smep bmi2 erms invpcid
bogomips	: 4789.13
clflush size	: 64
cache_alignment	: 64
address sizes	: 39 bits physical, 48 bits virtual
power management:

processor	: 2
vendor_id	: GenuineIntel
cpu family	: 6
model		: 69
model name	: Intel(R) Core(TM) i7-4500U CPU @ 1.80GHz
stepping	: 1
microcode	: 0x17
cpu MHz		: 2700.000
cache size	: 4096 KB
physical id	: 0
siblings	: 4
core id		: 1
cpu cores	: 2
apicid		: 2
initial apicid	: 2
fpu		: yes
fpu_exception	: yes
cpuid level	: 13
wp		: yes
flags		: fpu vme de pse tsc msr pae mce cx8 apic sep mtrr pge mca cmov pat pse36 clflush dts acpi mmx fxsr sse sse2 ss ht tm pbe syscall nx pdpe1gb rdtscp lm constant_tsc arch_perfmon pebs bts rep_good nopl xtopology nonstop_tsc aperfmperf eagerfpu pni pclmulqdq dtes64 monitor ds_cpl vmx est tm2 ssse3 fma cx16 xtpr pdcm pcid sse4_1 sse4_2 movbe popcnt tsc_deadline_timer aes xsave avx f16c rdrand lahf_lm abm ida arat epb xsaveopt pln pts dtherm tpr_shadow vnmi flexpriority ept vpid fsgsbase tsc_adjust bmi1 avx2 smep bmi2 erms invpcid
bogomips	: 4789.13
clflush size	: 64
cache_alignment	: 64
address sizes	: 39 bits physical, 48 bits virtual
power management:

processor	: 3
vendor_id	: GenuineIntel
cpu family	: 6
model		: 69
model name	: Intel(R) Core(TM) i7-4500U CPU @ 1.80GHz
stepping	: 1
microcode	: 0x17
cpu MHz		: 2700.000
cache size	: 4096 KB
physical id	: 0
siblings	: 4
core id		: 1
cpu cores	: 2
apicid		: 3
initial apicid	: 3
fpu		: yes
fpu_exception	: yes
cpuid level	: 13
wp		: yes
flags		: fpu vme de pse tsc msr pae mce cx8 apic sep mtrr pge mca cmov pat pse36 clflush dts acpi mmx fxsr sse sse2 ss ht tm pbe syscall nx pdpe1gb rdtscp lm constant_tsc arch_perfmon pebs bts rep_good nopl xtopology nonstop_tsc aperfmperf eagerfpu pni pclmulqdq dtes64 monitor ds_cpl vmx est tm2 ssse3 fma cx16 xtpr pdcm pcid sse4_1 sse4_2 movbe popcnt tsc_deadline_timer aes xsave avx f16c rdrand lahf_lm abm ida arat epb xsaveopt pln pts dtherm tpr_shadow vnmi flexpriority ept vpid fsgsbase tsc_adjust bmi1 avx2 smep bmi2 erms invpcid
bogomips	: 4789.13
clflush size	: 64
cache_alignment	: 64
address sizes	: 39 bits physical, 48 bits virtual
power management:



Memory: 4k page, physical 8054468k(146176k free), swap 0k(0k free)

vm_info: OpenJDK 64-Bit Server VM (24.95-b01) for linux-amd64 JRE (1.7.0_101-b00), built on Apr 24 2016 20:39:29 by "buildd" with gcc 4.8.2

time: Sun May 15 21:08:56 2016
elapsed time: 16 seconds

